{"C:\\Users\\gabri\\OneDrive\\Documentos\\MyDev\\prova-performance-senior\\prova-senior\\Calculator.js": {"path":"C:\\Users\\gabri\\OneDrive\\Documentos\\MyDev\\prova-performance-senior\\prova-senior\\Calculator.js","statementMap":{"0":{"start":{"line":1,"column":34},"end":{"line":1,"column":61}},"1":{"start":{"line":2,"column":18},"end":{"line":2,"column":40}},"2":{"start":{"line":8,"column":4},"end":{"line":8,"column":29}},"3":{"start":{"line":9,"column":4},"end":{"line":9,"column":29}},"4":{"start":{"line":10,"column":4},"end":{"line":10,"column":27}},"5":{"start":{"line":11,"column":4},"end":{"line":11,"column":63}},"6":{"start":{"line":15,"column":22},"end":{"line":15,"column":44}},"7":{"start":{"line":16,"column":4},"end":{"line":16,"column":78}},"8":{"start":{"line":17,"column":4},"end":{"line":17,"column":21}},"9":{"start":{"line":21,"column":22},"end":{"line":21,"column":41}},"10":{"start":{"line":22,"column":18},"end":{"line":22,"column":28}},"11":{"start":{"line":23,"column":21},"end":{"line":23,"column":60}},"12":{"start":{"line":25,"column":4},"end":{"line":27,"column":5}},"13":{"start":{"line":26,"column":6},"end":{"line":26,"column":43}},"14":{"start":{"line":29,"column":26},"end":{"line":29,"column":82}},"15":{"start":{"line":30,"column":26},"end":{"line":30,"column":50}},"16":{"start":{"line":32,"column":26},"end":{"line":32,"column":55}},"17":{"start":{"line":33,"column":24},"end":{"line":33,"column":53}},"18":{"start":{"line":35,"column":26},"end":{"line":35,"column":55}},"19":{"start":{"line":36,"column":31},"end":{"line":36,"column":60}},"20":{"start":{"line":38,"column":4},"end":{"line":39,"column":46}},"21":{"start":{"line":39,"column":6},"end":{"line":39,"column":46}},"22":{"start":{"line":41,"column":4},"end":{"line":41,"column":30}},"23":{"start":{"line":45,"column":0},"end":{"line":45,"column":28}}},"fnMap":{"0":{"name":"(anonymous_0)","decl":{"start":{"line":7,"column":2},"end":{"line":7,"column":3}},"loc":{"start":{"line":7,"column":59},"end":{"line":12,"column":3}},"line":7},"1":{"name":"(anonymous_1)","decl":{"start":{"line":14,"column":2},"end":{"line":14,"column":3}},"loc":{"start":{"line":14,"column":17},"end":{"line":18,"column":3}},"line":14},"2":{"name":"(anonymous_2)","decl":{"start":{"line":20,"column":2},"end":{"line":20,"column":3}},"loc":{"start":{"line":20,"column":41},"end":{"line":42,"column":3}},"line":20}},"branchMap":{"0":{"loc":{"start":{"line":25,"column":4},"end":{"line":27,"column":5}},"type":"if","locations":[{"start":{"line":25,"column":4},"end":{"line":27,"column":5}},{"start":{},"end":{}}],"line":25},"1":{"loc":{"start":{"line":38,"column":4},"end":{"line":39,"column":46}},"type":"if","locations":[{"start":{"line":38,"column":4},"end":{"line":39,"column":46}},{"start":{},"end":{}}],"line":38}},"s":{"0":1,"1":1,"2":3,"3":3,"4":3,"5":3,"6":3,"7":3,"8":3,"9":3,"10":3,"11":3,"12":3,"13":1,"14":2,"15":2,"16":2,"17":2,"18":2,"19":2,"20":2,"21":1,"22":1,"23":1},"f":{"0":3,"1":3,"2":3},"b":{"0":[1,2],"1":[1,1]},"_coverageSchema":"1a1c01bbd47fc00a2c39e90264f33305004495a9","hash":"297e0b5b564887c41e4dad13714c8b19f7b5111b"}
,"C:\\Users\\gabri\\OneDrive\\Documentos\\MyDev\\prova-performance-senior\\prova-senior\\CalculatorOld.js": {"path":"C:\\Users\\gabri\\OneDrive\\Documentos\\MyDev\\prova-performance-senior\\prova-senior\\CalculatorOld.js","statementMap":{"0":{"start":{"line":8,"column":26},"end":{"line":8,"column":43}},"1":{"start":{"line":10,"column":4},"end":{"line":23,"column":5}},"2":{"start":{"line":12,"column":8},"end":{"line":12,"column":31}},"3":{"start":{"line":13,"column":8},"end":{"line":13,"column":14}},"4":{"start":{"line":15,"column":8},"end":{"line":15,"column":31}},"5":{"start":{"line":16,"column":8},"end":{"line":16,"column":14}},"6":{"start":{"line":19,"column":8},"end":{"line":19,"column":32}},"7":{"start":{"line":20,"column":8},"end":{"line":20,"column":14}},"8":{"start":{"line":22,"column":8},"end":{"line":22,"column":51}},"9":{"start":{"line":25,"column":22},"end":{"line":25,"column":45}},"10":{"start":{"line":26,"column":4},"end":{"line":26,"column":70}},"11":{"start":{"line":28,"column":18},"end":{"line":28,"column":28}},"12":{"start":{"line":30,"column":24},"end":{"line":33,"column":5}},"13":{"start":{"line":31,"column":23},"end":{"line":31,"column":66}},"14":{"start":{"line":32,"column":6},"end":{"line":32,"column":57}},"15":{"start":{"line":35,"column":21},"end":{"line":35,"column":50}},"16":{"start":{"line":37,"column":4},"end":{"line":53,"column":5}},"17":{"start":{"line":38,"column":28},"end":{"line":38,"column":65}},"18":{"start":{"line":39,"column":28},"end":{"line":39,"column":52}},"19":{"start":{"line":41,"column":38},"end":{"line":41,"column":41}},"20":{"start":{"line":42,"column":6},"end":{"line":45,"column":7}},"21":{"start":{"line":43,"column":34},"end":{"line":43,"column":58}},"22":{"start":{"line":44,"column":8},"end":{"line":44,"column":70}},"23":{"start":{"line":47,"column":28},"end":{"line":47,"column":52}},"24":{"start":{"line":48,"column":43},"end":{"line":48,"column":72}},"25":{"start":{"line":50,"column":6},"end":{"line":50,"column":70}},"26":{"start":{"line":52,"column":6},"end":{"line":52,"column":33}},"27":{"start":{"line":57,"column":0},"end":{"line":57,"column":28}}},"fnMap":{"0":{"name":"(anonymous_0)","decl":{"start":{"line":2,"column":2},"end":{"line":2,"column":3}},"loc":{"start":{"line":7,"column":4},"end":{"line":54,"column":3}},"line":7},"1":{"name":"(anonymous_1)","decl":{"start":{"line":30,"column":24},"end":{"line":30,"column":25}},"loc":{"start":{"line":30,"column":42},"end":{"line":33,"column":5}},"line":30}},"branchMap":{"0":{"loc":{"start":{"line":10,"column":4},"end":{"line":23,"column":5}},"type":"switch","locations":[{"start":{"line":11,"column":6},"end":{"line":13,"column":14}},{"start":{"line":14,"column":6},"end":{"line":16,"column":14}},{"start":{"line":17,"column":6},"end":{"line":17,"column":20}},{"start":{"line":18,"column":6},"end":{"line":20,"column":14}},{"start":{"line":21,"column":6},"end":{"line":22,"column":51}}],"line":10},"1":{"loc":{"start":{"line":37,"column":4},"end":{"line":53,"column":5}},"type":"if","locations":[{"start":{"line":37,"column":4},"end":{"line":53,"column":5}},{"start":{"line":51,"column":11},"end":{"line":53,"column":5}}],"line":37},"2":{"loc":{"start":{"line":42,"column":6},"end":{"line":45,"column":7}},"type":"if","locations":[{"start":{"line":42,"column":6},"end":{"line":45,"column":7}},{"start":{},"end":{}}],"line":42}},"s":{"0":1,"1":1,"2":1,"3":1,"4":0,"5":0,"6":0,"7":0,"8":0,"9":1,"10":1,"11":1,"12":1,"13":2,"14":2,"15":1,"16":1,"17":1,"18":1,"19":1,"20":1,"21":0,"22":0,"23":1,"24":1,"25":1,"26":0,"27":1},"f":{"0":1,"1":2},"b":{"0":[1,0,0,0,0],"1":[1,0],"2":[0,1]},"_coverageSchema":"1a1c01bbd47fc00a2c39e90264f33305004495a9","hash":"182898007b3499cf1180c7ee9d17aab79ce4004d"}
,"C:\\Users\\gabri\\OneDrive\\Documentos\\MyDev\\prova-performance-senior\\prova-senior\\Monthly.js": {"path":"C:\\Users\\gabri\\OneDrive\\Documentos\\MyDev\\prova-performance-senior\\prova-senior\\Monthly.js","statementMap":{"0":{"start":{"line":1,"column":27},"end":{"line":1,"column":54}},"1":{"start":{"line":5,"column":4},"end":{"line":5,"column":13}},"2":{"start":{"line":8,"column":0},"end":{"line":8,"column":25}}},"fnMap":{"0":{"name":"(anonymous_0)","decl":{"start":{"line":4,"column":2},"end":{"line":4,"column":3}},"loc":{"start":{"line":4,"column":13},"end":{"line":6,"column":3}},"line":4}},"branchMap":{},"s":{"0":1,"1":4,"2":1},"f":{"0":4},"b":{},"_coverageSchema":"1a1c01bbd47fc00a2c39e90264f33305004495a9","hash":"84e45a3636340f9b0db375ff8a021f9698dea22a"}
,"C:\\Users\\gabri\\OneDrive\\Documentos\\MyDev\\prova-performance-senior\\prova-senior\\RecurrencyType.js": {"path":"C:\\Users\\gabri\\OneDrive\\Documentos\\MyDev\\prova-performance-senior\\prova-senior\\RecurrencyType.js","statementMap":{"0":{"start":{"line":3,"column":4},"end":{"line":3,"column":39}},"1":{"start":{"line":7,"column":29},"end":{"line":23,"column":1}},"2":{"start":{"line":8,"column":18},"end":{"line":8,"column":38}},"3":{"start":{"line":9,"column":21},"end":{"line":9,"column":44}},"4":{"start":{"line":10,"column":25},"end":{"line":10,"column":51}},"5":{"start":{"line":12,"column":2},"end":{"line":22,"column":3}},"6":{"start":{"line":14,"column":6},"end":{"line":14,"column":27}},"7":{"start":{"line":16,"column":6},"end":{"line":16,"column":30}},"8":{"start":{"line":19,"column":6},"end":{"line":19,"column":34}},"9":{"start":{"line":21,"column":6},"end":{"line":21,"column":49}},"10":{"start":{"line":25,"column":0},"end":{"line":25,"column":58}}},"fnMap":{"0":{"name":"(anonymous_0)","decl":{"start":{"line":2,"column":2},"end":{"line":2,"column":3}},"loc":{"start":{"line":2,"column":13},"end":{"line":4,"column":3}},"line":2},"1":{"name":"(anonymous_1)","decl":{"start":{"line":7,"column":29},"end":{"line":7,"column":30}},"loc":{"start":{"line":7,"column":39},"end":{"line":23,"column":1}},"line":7}},"branchMap":{"0":{"loc":{"start":{"line":12,"column":2},"end":{"line":22,"column":3}},"type":"switch","locations":[{"start":{"line":13,"column":4},"end":{"line":14,"column":27}},{"start":{"line":15,"column":4},"end":{"line":16,"column":30}},{"start":{"line":17,"column":4},"end":{"line":17,"column":18}},{"start":{"line":18,"column":4},"end":{"line":19,"column":34}},{"start":{"line":20,"column":4},"end":{"line":21,"column":49}}],"line":12}},"s":{"0":1,"1":1,"2":8,"3":8,"4":8,"5":8,"6":4,"7":1,"8":2,"9":1,"10":1},"f":{"0":1,"1":8},"b":{"0":[4,1,1,2,1]},"_coverageSchema":"1a1c01bbd47fc00a2c39e90264f33305004495a9","hash":"b6137b22a09c1dd06bbc9360c7910b531197c2ef"}
,"C:\\Users\\gabri\\OneDrive\\Documentos\\MyDev\\prova-performance-senior\\prova-senior\\SemiAnnual.js": {"path":"C:\\Users\\gabri\\OneDrive\\Documentos\\MyDev\\prova-performance-senior\\prova-senior\\SemiAnnual.js","statementMap":{"0":{"start":{"line":1,"column":27},"end":{"line":1,"column":54}},"1":{"start":{"line":5,"column":4},"end":{"line":5,"column":13}},"2":{"start":{"line":8,"column":0},"end":{"line":8,"column":28}}},"fnMap":{"0":{"name":"(anonymous_0)","decl":{"start":{"line":4,"column":2},"end":{"line":4,"column":3}},"loc":{"start":{"line":4,"column":13},"end":{"line":6,"column":3}},"line":4}},"branchMap":{},"s":{"0":1,"1":1,"2":1},"f":{"0":1},"b":{},"_coverageSchema":"1a1c01bbd47fc00a2c39e90264f33305004495a9","hash":"36c4914ee4aa60c854a94ed30735485020002be1"}
,"C:\\Users\\gabri\\OneDrive\\Documentos\\MyDev\\prova-performance-senior\\prova-senior\\YearlySplited.js": {"path":"C:\\Users\\gabri\\OneDrive\\Documentos\\MyDev\\prova-performance-senior\\prova-senior\\YearlySplited.js","statementMap":{"0":{"start":{"line":1,"column":27},"end":{"line":1,"column":54}},"1":{"start":{"line":5,"column":4},"end":{"line":5,"column":14}},"2":{"start":{"line":8,"column":0},"end":{"line":8,"column":32}}},"fnMap":{"0":{"name":"(anonymous_0)","decl":{"start":{"line":4,"column":2},"end":{"line":4,"column":3}},"loc":{"start":{"line":4,"column":13},"end":{"line":6,"column":3}},"line":4}},"branchMap":{},"s":{"0":1,"1":1,"2":1},"f":{"0":1},"b":{},"_coverageSchema":"1a1c01bbd47fc00a2c39e90264f33305004495a9","hash":"cdf02dcc0afb00048356997cc9b0f3646bc0d291"}
,"C:\\Users\\gabri\\OneDrive\\Documentos\\MyDev\\prova-performance-senior\\prova-senior\\dateUtils.js": {"path":"C:\\Users\\gabri\\OneDrive\\Documentos\\MyDev\\prova-performance-senior\\prova-senior\\dateUtils.js","statementMap":{"0":{"start":{"line":3,"column":21},"end":{"line":3,"column":64}},"1":{"start":{"line":4,"column":4},"end":{"line":4,"column":55}},"2":{"start":{"line":8,"column":0},"end":{"line":8,"column":27}}},"fnMap":{"0":{"name":"(anonymous_0)","decl":{"start":{"line":2,"column":2},"end":{"line":2,"column":3}},"loc":{"start":{"line":2,"column":35},"end":{"line":5,"column":3}},"line":2}},"branchMap":{},"s":{"0":6,"1":6,"2":1},"f":{"0":6},"b":{},"_coverageSchema":"1a1c01bbd47fc00a2c39e90264f33305004495a9","hash":"6fb80d64096bfb9eeaf7b25918fc9a9df7a5d8bb"}
}
