TN:
SF:Calculator.js
FN:7,(anonymous_0)
FN:14,(anonymous_1)
FN:20,(anonymous_2)
FNF:3
FNH:3
FNDA:3,(anonymous_0)
FNDA:3,(anonymous_1)
FNDA:3,(anonymous_2)
DA:1,1
DA:2,1
DA:8,3
DA:9,3
DA:10,3
DA:11,3
DA:15,3
DA:16,3
DA:17,3
DA:21,3
DA:22,3
DA:23,3
DA:25,3
DA:26,1
DA:29,2
DA:30,2
DA:32,2
DA:33,2
DA:35,2
DA:36,2
DA:38,2
DA:39,1
DA:41,1
DA:45,1
LF:24
LH:24
BRDA:25,0,0,1
BRDA:25,0,1,2
BRDA:38,1,0,1
BRDA:38,1,1,1
BRF:4
BRH:4
end_of_record
TN:
SF:CalculatorOld.js
FN:2,(anonymous_0)
FN:30,(anonymous_1)
FNF:2
FNH:2
FNDA:1,(anonymous_0)
FNDA:2,(anonymous_1)
DA:8,1
DA:10,1
DA:12,1
DA:13,1
DA:15,0
DA:16,0
DA:19,0
DA:20,0
DA:22,0
DA:25,1
DA:26,1
DA:28,1
DA:30,1
DA:31,2
DA:32,2
DA:35,1
DA:37,1
DA:38,1
DA:39,1
DA:41,1
DA:42,1
DA:43,0
DA:44,0
DA:47,1
DA:48,1
DA:50,1
DA:52,0
DA:57,1
LF:28
LH:20
BRDA:10,0,0,1
BRDA:10,0,1,0
BRDA:10,0,2,0
BRDA:10,0,3,0
BRDA:10,0,4,0
BRDA:37,1,0,1
BRDA:37,1,1,0
BRDA:42,2,0,0
BRDA:42,2,1,1
BRF:9
BRH:3
end_of_record
TN:
SF:Monthly.js
FN:4,(anonymous_0)
FNF:1
FNH:1
FNDA:4,(anonymous_0)
DA:1,1
DA:5,4
DA:8,1
LF:3
LH:3
BRF:0
BRH:0
end_of_record
TN:
SF:RecurrencyType.js
FN:2,(anonymous_0)
FN:7,(anonymous_1)
FNF:2
FNH:2
FNDA:1,(anonymous_0)
FNDA:8,(anonymous_1)
DA:3,1
DA:7,1
DA:8,8
DA:9,8
DA:10,8
DA:12,8
DA:14,4
DA:16,1
DA:19,2
DA:21,1
DA:25,1
LF:11
LH:11
BRDA:12,0,0,4
BRDA:12,0,1,1
BRDA:12,0,2,1
BRDA:12,0,3,2
BRDA:12,0,4,1
BRF:5
BRH:5
end_of_record
TN:
SF:SemiAnnual.js
FN:4,(anonymous_0)
FNF:1
FNH:1
FNDA:1,(anonymous_0)
DA:1,1
DA:5,1
DA:8,1
LF:3
LH:3
BRF:0
BRH:0
end_of_record
TN:
SF:YearlySplited.js
FN:4,(anonymous_0)
FNF:1
FNH:1
FNDA:1,(anonymous_0)
DA:1,1
DA:5,1
DA:8,1
LF:3
LH:3
BRF:0
BRH:0
end_of_record
TN:
SF:dateUtils.js
FN:2,(anonymous_0)
FNF:1
FNH:1
FNDA:6,(anonymous_0)
DA:3,6
DA:4,6
DA:8,1
LF:3
LH:3
BRF:0
BRH:0
end_of_record
